{"C:\\Users\\Manish\\namastereact\\src\\components\\ContactUs.js": {"path":"C:\\Users\\Manish\\namastereact\\src\\components\\ContactUs.js","statementMap":{"0":{"start":{"line":4,"column":2},"end":{"line":48,"column":4}}},"fnMap":{"0":{"name":"ContactUs","decl":{"start":{"line":3,"column":9},"end":{"line":3,"column":18}},"loc":{"start":{"line":3,"column":21},"end":{"line":49,"column":1}},"line":3}},"branchMap":{},"s":{"0":2},"f":{"0":2},"b":{},"_coverageSchema":"1a1c01bbd47fc00a2c39e90264f33305004495a9","hash":"62c057e6ca2d06fdb9857579a7071b08e0c19f44"}
,"C:\\Users\\Manish\\namastereact\\src\\components\\sum.js": {"path":"C:\\Users\\Manish\\namastereact\\src\\components\\sum.js","statementMap":{"0":{"start":{"line":1,"column":18},"end":{"line":3,"column":1}},"1":{"start":{"line":2,"column":1},"end":{"line":2,"column":12}}},"fnMap":{"0":{"name":"(anonymous_0)","decl":{"start":{"line":1,"column":18},"end":{"line":1,"column":19}},"loc":{"start":{"line":1,"column":25},"end":{"line":3,"column":1}},"line":1}},"branchMap":{},"s":{"0":1,"1":1},"f":{"0":1},"b":{},"_coverageSchema":"1a1c01bbd47fc00a2c39e90264f33305004495a9","hash":"a7e4132e255b450d04464468c3abacd0c16e27b2"}
}
